<?xml version="1.0" encoding="UTF-8"?>
<robot generator="Robot 6.0.2 (Python 3.11.2 on win32)" generated="20240812 19:20:06.664" rpa="false" schemaversion="3">
<suite id="s1" name="Login test" source="d:\RobotProject\tests\Login_test.robot">
<test id="s1-t1" name="Login Button Functionality with Enter Key" line="95">
<kw name="Go To Application">
<kw name="Evaluate" library="BuiltIn">
<var>${chrome_options}</var>
<arg>sys.modules['selenium.webdriver'].ChromeOptions()</arg>
<arg>sys, selenium.webdriver</arg>
<doc>Evaluates the given expression in Python and returns the result.</doc>
<msg timestamp="20240812 19:20:06.967" level="INFO">${chrome_options} = &lt;selenium.webdriver.chrome.options.Options object at 0x000002213B2D1910&gt;</msg>
<status status="PASS" starttime="20240812 19:20:06.967" endtime="20240812 19:20:06.967"/>
</kw>
<kw name="Run Keyword If" library="BuiltIn">
<arg>'${INCIGNITO}' == 'True'</arg>
<arg>Call Method</arg>
<arg>${chrome_options}</arg>
<arg>add_argument</arg>
<arg>--incognito</arg>
<doc>Runs the given keyword with the given arguments, if ``condition`` is true.</doc>
<kw name="Call Method" library="BuiltIn">
<arg>${chrome_options}</arg>
<arg>add_argument</arg>
<arg>--incognito</arg>
<doc>Calls the named method of the given object with the provided arguments.</doc>
<status status="PASS" starttime="20240812 19:20:06.982" endtime="20240812 19:20:06.983"/>
</kw>
<status status="PASS" starttime="20240812 19:20:06.967" endtime="20240812 19:20:06.983"/>
</kw>
<kw name="Run Keyword If" library="BuiltIn">
<arg>'${HEADLESS}' == 'True'</arg>
<arg>Call Method</arg>
<arg>${chrome_options}</arg>
<arg>add_argument</arg>
<arg>--headless</arg>
<doc>Runs the given keyword with the given arguments, if ``condition`` is true.</doc>
<status status="PASS" starttime="20240812 19:20:06.983" endtime="20240812 19:20:06.983"/>
</kw>
<kw name="Create Webdriver" library="SeleniumLibrary">
<arg>Chrome</arg>
<arg>chrome_options=${chrome_options}</arg>
<arg>executable_path=${BROWSER_PATH}</arg>
<doc>Creates an instance of Selenium WebDriver.</doc>
<msg timestamp="20240812 19:20:06.983" level="INFO">Creating an instance of the Chrome WebDriver.</msg>
<status status="PASS" starttime="20240812 19:20:06.983" endtime="20240812 19:20:08.194"/>
</kw>
<kw name="Go To" library="SeleniumLibrary">
<arg>${URL}</arg>
<doc>Navigates the current browser window to the provided ``url``.</doc>
<msg timestamp="20240812 19:20:08.194" level="INFO">Opening url 'https://opensource-demo.orangehrmlive.com/web/index.php/auth/login'</msg>
<status status="PASS" starttime="20240812 19:20:08.194" endtime="20240812 19:20:25.627"/>
</kw>
<kw name="Maximize Browser Window" library="SeleniumLibrary">
<doc>Maximizes current browser window.</doc>
<status status="PASS" starttime="20240812 19:20:25.627" endtime="20240812 19:20:25.650"/>
</kw>
<kw name="Set Browser Implicit Wait" library="SeleniumLibrary">
<arg>10</arg>
<doc>Sets the implicit wait value used by Selenium.</doc>
<status status="PASS" starttime="20240812 19:20:25.650" endtime="20240812 19:20:25.650"/>
</kw>
<status status="PASS" starttime="20240812 19:20:06.967" endtime="20240812 19:20:25.650"/>
</kw>
<kw name="Enter Valid Credentials">
<doc>Enters the valid username and password.</doc>
<kw name="Input Text" library="SeleniumLibrary">
<arg>${UserName_xpath}</arg>
<arg>${username}</arg>
<doc>Types the given ``text`` into the text field identified by ``locator``.</doc>
<msg timestamp="20240812 19:20:25.650" level="INFO">Typing text 'Admin' into text field 'xpath://input[@placeholder='Username']'.</msg>
<status status="PASS" starttime="20240812 19:20:25.650" endtime="20240812 19:20:26.264"/>
</kw>
<kw name="Input Password" library="SeleniumLibrary">
<arg>${PassWord_xpath}</arg>
<arg>${password}</arg>
<doc>Types the given password into the text field identified by ``locator``.</doc>
<msg timestamp="20240812 19:20:26.264" level="INFO">Typing password into text field 'xpath://input[@placeholder='Password']'.</msg>
<msg timestamp="20240812 19:20:26.314" level="INFO">Temporally setting log level to: NONE</msg>
<msg timestamp="20240812 19:20:26.364" level="INFO">Log level changed from NONE to INFO.</msg>
<status status="PASS" starttime="20240812 19:20:26.264" endtime="20240812 19:20:26.364"/>
</kw>
<status status="PASS" starttime="20240812 19:20:25.650" endtime="20240812 19:20:26.364"/>
</kw>
<kw name="Press Key" library="SeleniumLibrary">
<arg>${LoginButton_xpath}</arg>
<arg>Enter</arg>
<doc>*DEPRECATED in SeleniumLibrary 4.0.* use `Press Keys` instead.</doc>
<msg timestamp="20240812 19:20:26.364" level="WARN">Keyword 'SeleniumLibrary.Press Key' is deprecated. use `Press Keys` instead.</msg>
<status status="PASS" starttime="20240812 19:20:26.364" endtime="20240812 19:20:26.424"/>
</kw>
<kw name="Sleep" library="BuiltIn">
<arg>2</arg>
<doc>Pauses the test executed for the given time.</doc>
<msg timestamp="20240812 19:20:28.425" level="INFO">Slept 2 seconds</msg>
<status status="PASS" starttime="20240812 19:20:26.425" endtime="20240812 19:20:28.425"/>
</kw>
<kw name="Element Should Contain" library="SeleniumLibrary">
<arg>${Dashboard_Xpath}</arg>
<arg>Dashboard</arg>
<doc>Verifies that element ``locator`` contains text ``expected``.</doc>
<msg timestamp="20240812 19:20:38.611" level="INFO" html="true">&lt;/td&gt;&lt;/tr&gt;&lt;tr&gt;&lt;td colspan="3"&gt;&lt;a href="selenium-screenshot-18.png"&gt;&lt;img src="selenium-screenshot-18.png" width="800px"&gt;&lt;/a&gt;</msg>
<msg timestamp="20240812 19:20:38.611" level="FAIL">Element with locator 'xpath://h6[normalize-space()='Dashboard']' not found.</msg>
<status status="FAIL" starttime="20240812 19:20:28.425" endtime="20240812 19:20:38.611"/>
</kw>
<kw name="Tear Down">
<status status="NOT RUN" starttime="20240812 19:20:38.611" endtime="20240812 19:20:38.611"/>
</kw>
<doc>Verify that the login button can be triggered using the Enter key.</doc>
<tag>test007</tag>
<status status="FAIL" starttime="20240812 19:20:06.967" endtime="20240812 19:20:38.611">Element with locator 'xpath://h6[normalize-space()='Dashboard']' not found.</status>
</test>
<status status="FAIL" starttime="20240812 19:20:06.669" endtime="20240812 19:20:38.611"/>
</suite>
<statistics>
<total>
<stat pass="0" fail="1" skip="0">All Tests</stat>
</total>
<tag>
<stat pass="0" fail="1" skip="0">test007</stat>
</tag>
<suite>
<stat pass="0" fail="1" skip="0" id="s1" name="Login test">Login test</stat>
</suite>
</statistics>
<errors>
<msg timestamp="20240812 19:20:26.364" level="WARN">Keyword 'SeleniumLibrary.Press Key' is deprecated. use `Press Keys` instead.</msg>
</errors>
</robot>
